<?xml version="1.0" encoding="UTF-8"?>
<testsuite name="com.proyecto.subastas.subastas.SubastasApplicationTests" tests="1" skipped="0" failures="0" errors="0" timestamp="2024-11-16T02:13:51" hostname="Laptop" time="0.639">
  <properties/>
  <testcase name="contextLoads()" classname="com.proyecto.subastas.subastas.SubastasApplicationTests" time="0.639"/>
  <system-out><![CDATA[21:13:45.146 [Test worker] INFO org.springframework.test.context.support.AnnotationConfigContextLoaderUtils -- Could not detect default configuration classes for test class [com.proyecto.subastas.subastas.SubastasApplicationTests]: SubastasApplicationTests does not declare any static, non-private, non-final, nested classes annotated with @Configuration.
21:13:45.321 [Test worker] INFO org.springframework.boot.test.context.SpringBootTestContextBootstrapper -- Found @SpringBootConfiguration com.proyecto.subastas.SubastasApplication for test class com.proyecto.subastas.subastas.SubastasApplicationTests

  .   ____          _            __ _ _
 /\\ / ___'_ __ _ _(_)_ __  __ _ \ \ \ \
( ( )\___ | '_ | '_| | '_ \/ _` | \ \ \ \
 \\/  ___)| |_)| | | | | || (_| |  ) ) ) )
  '  |____| .__|_| |_|_| |_\__, | / / / /
 =========|_|==============|___/=/_/_/_/

 :: Spring Boot ::                (v3.3.5)

2024-11-15T21:13:46.010-05:00  INFO 40069 --- [subastas] [    Test worker] c.p.s.subastas.SubastasApplicationTests  : Starting SubastasApplicationTests using Java 17.0.13 with PID 40069 (started by demon in /home/demon/Documentos/6_semestre/infraes/SubastALL)
2024-11-15T21:13:46.015-05:00  INFO 40069 --- [subastas] [    Test worker] c.p.s.subastas.SubastasApplicationTests  : No active profile set, falling back to 1 default profile: "default"
2024-11-15T21:13:47.066-05:00  INFO 40069 --- [subastas] [    Test worker] .s.d.r.c.RepositoryConfigurationDelegate : Bootstrapping Spring Data JPA repositories in DEFAULT mode.
2024-11-15T21:13:47.136-05:00  INFO 40069 --- [subastas] [    Test worker] .s.d.r.c.RepositoryConfigurationDelegate : Finished Spring Data repository scanning in 59 ms. Found 1 JPA repository interface.
2024-11-15T21:13:47.860-05:00  INFO 40069 --- [subastas] [    Test worker] o.hibernate.jpa.internal.util.LogHelper  : HHH000204: Processing PersistenceUnitInfo [name: default]
2024-11-15T21:13:47.928-05:00  INFO 40069 --- [subastas] [    Test worker] org.hibernate.Version                    : HHH000412: Hibernate ORM core version 6.5.3.Final
2024-11-15T21:13:47.973-05:00  INFO 40069 --- [subastas] [    Test worker] o.h.c.internal.RegionFactoryInitiator    : HHH000026: Second-level cache disabled
2024-11-15T21:13:48.404-05:00  INFO 40069 --- [subastas] [    Test worker] o.s.o.j.p.SpringPersistenceUnitInfo      : No LoadTimeWeaver setup: ignoring JPA class transformer
2024-11-15T21:13:48.445-05:00  INFO 40069 --- [subastas] [    Test worker] com.zaxxer.hikari.HikariDataSource       : HikariPool-1 - Starting...
2024-11-15T21:13:48.578-05:00  INFO 40069 --- [subastas] [    Test worker] com.zaxxer.hikari.pool.HikariPool        : HikariPool-1 - Added connection org.postgresql.jdbc.PgConnection@61dd1c3d
2024-11-15T21:13:48.580-05:00  INFO 40069 --- [subastas] [    Test worker] com.zaxxer.hikari.HikariDataSource       : HikariPool-1 - Start completed.
2024-11-15T21:13:48.627-05:00  WARN 40069 --- [subastas] [    Test worker] org.hibernate.orm.deprecation            : HHH90000025: PostgreSQLDialect does not need to be specified explicitly using 'hibernate.dialect' (remove the property setting and it will be selected by default)
2024-11-15T21:13:49.611-05:00  INFO 40069 --- [subastas] [    Test worker] o.h.e.t.j.p.i.JtaPlatformInitiator       : HHH000489: No JTA platform available (set 'hibernate.transaction.jta.platform' to enable JTA platform integration)
2024-11-15T21:13:49.693-05:00  INFO 40069 --- [subastas] [    Test worker] j.LocalContainerEntityManagerFactoryBean : Initialized JPA EntityManagerFactory for persistence unit 'default'
2024-11-15T21:13:50.187-05:00  WARN 40069 --- [subastas] [    Test worker] JpaBaseConfiguration$JpaWebConfiguration : spring.jpa.open-in-view is enabled by default. Therefore, database queries may be performed during view rendering. Explicitly configure spring.jpa.open-in-view to disable this warning
2024-11-15T21:13:50.216-05:00  WARN 40069 --- [subastas] [    Test worker] .s.s.UserDetailsServiceAutoConfiguration : 

Using generated security password: bbedf4e6-d2ce-41a5-867d-bcbf605ce39d

This generated password is for development use only. Your security configuration must be updated before running your application in production.

2024-11-15T21:13:50.226-05:00  INFO 40069 --- [subastas] [    Test worker] r$InitializeUserDetailsManagerConfigurer : Global AuthenticationManager configured with UserDetailsService bean with name inMemoryUserDetailsManager
2024-11-15T21:13:51.091-05:00  INFO 40069 --- [subastas] [    Test worker] c.p.s.subastas.SubastasApplicationTests  : Started SubastasApplicationTests in 5.475 seconds (process running for 7.076)
]]></system-out>
  <system-err><![CDATA[]]></system-err>
</testsuite>
